Arguments: 
  /usr/local/bin/node /usr/local/Cellar/yarn/1.5.1_1/libexec/bin/yarn.js add -D vuepress

PATH: 
  /usr/local/bin:/usr/bin:/bin:/usr/sbin:/sbin:Users/hanyoungjeong/Library/Android/sdk/platform-tools:/Users/hanyoungjeong/Library/Android/sdk/tools:/Users/hanyoungjeong/Library/Android/sdk/tools/bin:/Users/hanyoungjeong/Library/Android/sdk/platform-tools:/usr/local/mysql/bin:/Library/PostgreSQL/10/bin:/usr/local/Cellar/mariadb/10.2.15/bin:Users/hanyoungjeong/Library/Android/sdk/platform-tools:/Users/hanyoungjeong/Library/Android/sdk/tools:/Users/hanyoungjeong/Library/Android/sdk/tools/bin:/Users/hanyoungjeong/Library/Android/sdk/platform-tools:/usr/local/mysql/bin:/Library/PostgreSQL/10/bin:/usr/local/Cellar/mariadb/10.2.15/bin

Yarn version: 
  1.5.1

Node version: 
  8.10.0

Platform: 
  darwin x64

npm manifest: 
  {
  	"scripts": {
  		"dev": "vuepress dev documents",
  		"build": "vuepress build documents"
  	}
  }

yarn manifest: 
  No manifest

Lockfile: 
  No lockfile

Trace: 
  Error: read ECONNRESET
      at _errnoException (util.js:1022:11)
      at TLSWrap.onread (net.js:628:25)
